<?xml version="1.0" encoding="UTF-8"?>
<!-- Generated by org.testng.reporters.JUnitXMLReporter -->
<testsuite hostname="ASDP1534PO01976" ignored="0" name="Default test" tests="7" failures="0" timestamp="05 Jul 2018 06:28:54 GMT" time="6.761" errors="0">
  <testcase name="attempClickingBasicCourse" time="0.175" classname="Test.MainTest"/>
  <testcase name="attempGridBoxPage" time="0.25" classname="Test.MainTest"/>
  <testcase name="attemptFrameAndDungeonPage" time="2.412" classname="Test.MainTest"/>
  <testcase name="attemptDragNdrop" time="0.326" classname="Test.MainTest"/>
  <testcase name="attemptPopUpWindow" time="0.425" classname="Test.MainTest"/>
  <testcase name="attemptCookie" time="0.346" classname="Test.MainTest"/>
  <testcase name="EndPage" time="0.039" classname="Test.MainTest"/>
</testsuite> <!-- Default test -->
